  DirectX.cpp
D:\DirectX\DirectX\DirectX.cpp(206,60): warning C4267: '=': 'size_t'에서 'UINT'(으)로 변환하면서 데이터가 손실될 수 있습니다.
C:\Program Files (x86)\Microsoft Visual Studio\2019\Community\VC\Tools\MSVC\14.29.30133\include\xmemory(681,68): warning C4244: '인수': '_Ty'에서 'float'(으)로 변환하면서 데이터가 손실될 수 있습니다.
          with
          [
              _Ty=int
          ]
C:\Program Files (x86)\Microsoft Visual Studio\2019\Community\VC\Tools\MSVC\14.29.30133\include\vector(708): message : 컴파일되는 함수 템플릿 인스턴스화 'void std::_Default_allocator_traits<_Alloc>::construct<_Ty,int,float>(_Alloc &,_Objty *const ,int &&,float &&)'에 대한 참조를 확인하세요.
          with
          [
              _Alloc=std::allocator<Vertex>,
              _Ty=Vertex,
              _Objty=Vertex
          ]
C:\Program Files (x86)\Microsoft Visual Studio\2019\Community\VC\Tools\MSVC\14.29.30133\include\vector(713): message : 컴파일되는 함수 템플릿 인스턴스화 'void std::_Default_allocator_traits<_Alloc>::construct<_Ty,int,float>(_Alloc &,_Objty *const ,int &&,float &&)'에 대한 참조를 확인하세요.
          with
          [
              _Alloc=std::allocator<Vertex>,
              _Ty=Vertex,
              _Objty=Vertex
          ]
C:\Program Files (x86)\Microsoft Visual Studio\2019\Community\VC\Tools\MSVC\14.29.30133\include\vector(726): message : 컴파일되는 함수 템플릿 인스턴스화 'void std::vector<Vertex,std::allocator<Vertex>>::_Emplace_back_with_unused_capacity<_Ty,float>(_Ty &&,float &&)'에 대한 참조를 확인하세요.
          with
          [
              _Ty=int
          ]
D:\DirectX\DirectX\DirectX.cpp(200): message : 컴파일되는 함수 템플릿 인스턴스화 'void std::vector<Vertex,std::allocator<Vertex>>::emplace_back<int,float>(int &&,float &&)'에 대한 참조를 확인하세요.
C:\Program Files (x86)\Microsoft Visual Studio\2019\Community\VC\Tools\MSVC\14.29.30133\include\xmemory(681,68): warning C4244: '인수': '_Ty'에서 'float'(으)로 변환하면서 데이터가 손실될 수 있습니다.
          with
          [
              _Ty=double
          ]
C:\Program Files (x86)\Microsoft Visual Studio\2019\Community\VC\Tools\MSVC\14.29.30133\include\vector(708): message : 컴파일되는 함수 템플릿 인스턴스화 'void std::_Default_allocator_traits<_Alloc>::construct<_Ty,double,float>(_Alloc &,_Objty *const ,double &&,float &&)'에 대한 참조를 확인하세요.
          with
          [
              _Alloc=std::allocator<Vertex>,
              _Ty=Vertex,
              _Objty=Vertex
          ]
C:\Program Files (x86)\Microsoft Visual Studio\2019\Community\VC\Tools\MSVC\14.29.30133\include\vector(713): message : 컴파일되는 함수 템플릿 인스턴스화 'void std::_Default_allocator_traits<_Alloc>::construct<_Ty,double,float>(_Alloc &,_Objty *const ,double &&,float &&)'에 대한 참조를 확인하세요.
          with
          [
              _Alloc=std::allocator<Vertex>,
              _Ty=Vertex,
              _Objty=Vertex
          ]
C:\Program Files (x86)\Microsoft Visual Studio\2019\Community\VC\Tools\MSVC\14.29.30133\include\vector(726): message : 컴파일되는 함수 템플릿 인스턴스화 'void std::vector<Vertex,std::allocator<Vertex>>::_Emplace_back_with_unused_capacity<_Ty,float>(_Ty &&,float &&)'에 대한 참조를 확인하세요.
          with
          [
              _Ty=double
          ]
D:\DirectX\DirectX\DirectX.cpp(201): message : 컴파일되는 함수 템플릿 인스턴스화 'void std::vector<Vertex,std::allocator<Vertex>>::emplace_back<double,float>(double &&,float &&)'에 대한 참조를 확인하세요.
  DirectX.vcxproj -> D:\DirectX\x64\Debug\DirectX.exe
